   15
 SCF done     -30.23277038      0.00000000
N          2.266592886357    1.501375262331    0.906002554855
C          1.162184428985    1.111742453769    0.605441702529
C          0.818127598030   -0.173421914793   -0.073656963810
O          2.022617006230   -0.939021538631   -0.313071846179
H          2.632116706765   -0.383378811635   -0.883220566048
H          0.288899858055   -0.004827997628   -1.027060495375
H          0.185779908721   -0.796862608478    0.568173720840
PD         3.686924188507    0.214663894529    0.216522893616
N          5.140095474522   -0.839828587368   -0.877361568927
C          6.246556930886   -0.334961835424   -0.590715709764
C          6.451739830073    0.805260604352    0.374740815879
O          5.289923400907    1.227743396774    0.993248511988
H          6.922611598720    1.646851190854   -0.187813907722
H          7.203955460488    0.494051757258    1.137842440945
H          7.174969474730   -0.722696644918   -1.067809475354
   15
 SCF done     -30.23625854      0.04432669
N          2.229773779270    1.498469534510    0.928989975229
C          1.135723773281    1.095815032785    0.614761135346
C          0.804688679742   -0.182231443238   -0.081158628125
O          2.004806705760   -0.947970619690   -0.333086859971
H          2.632133137863   -0.371634324762   -0.867261346186
H          0.278476279993    0.001442709976   -1.032405663535
H          0.172246011873   -0.813710705052    0.552296479296
PD         3.715529105658    0.256076452942    0.220635945085
N          5.138402214492   -0.844559177948   -0.857980385383
C          6.250572523391   -0.342419256402   -0.583884487141
C          6.471411363239    0.806795498000    0.369504133811
O          5.319658694422    1.254009835903    0.987296838627
H          6.949760357203    1.637613153023   -0.202089754758
H          7.217597102289    0.492359657908    1.136360242232
H          7.172315023500   -0.733367726964   -1.070715517055
   15
 SCF done     -30.23892294      0.02451216
N          2.198892376634    1.505084026069    0.944903437978
C          1.121489582177    1.066864174010    0.631117311017
C          0.780983026574   -0.192239307215   -0.091468570054
O          1.953259295112   -0.980552000731   -0.371651163347
H          2.623327492151   -0.379515523357   -0.833454838582
H          0.253140380755    0.024995156996   -1.034697436464
H          0.143442948687   -0.829578617234    0.530589188535
PD         3.744275885357    0.266045935963    0.255503855685
N          5.141193879364   -0.817029904875   -0.856729517046
C          6.263889986704   -0.335612175734   -0.584895315498
C          6.501886038809    0.816906427274    0.361282176486
O          5.352889678952    1.298853573351    0.962329238610
H          7.003560910182    1.629600206494   -0.215838560926
H          7.230502312962    0.490894885271    1.139503158533
H          7.180360957557   -0.758028235290   -1.055230857454
   15
 SCF done     -30.24024833      0.01587207
N          2.174207202770    1.504062748485    0.987397086665
C          1.120124753713    1.040391386852    0.643228871695
C          0.759023775513   -0.200312271903   -0.095882750444
O          1.907127555081   -1.008375231991   -0.390818453219
H          2.599252124219   -0.413376180289   -0.822080982733
H          0.233379525967    0.049087690941   -1.033804350786
H          0.106166278506   -0.834437400744    0.514607255635
PD         3.754629592931    0.311230365005    0.221863079097
N          5.157532864835   -0.812637674796   -0.839470419163
C          6.284830742787   -0.339336805955   -0.573595352912
C          6.529597146998    0.823591228725    0.358544251122
O          5.378400602808    1.330272821041    0.940389467167
H          7.050010218403    1.622089544847   -0.221515196345
H          7.244148158095    0.494642815284    1.147771768017
H          7.194664209350   -0.760204414508   -1.055372166324
   15
 SCF done     -30.24140108      0.01690742
N          2.164873152328    1.507295604745    1.009036867959
C          1.137709848127    1.006695541901    0.652432188320
C          0.735987586704   -0.207542954212   -0.101497326453
O          1.851115796833   -1.048489592246   -0.407386943257
H          2.581710854799   -0.470607790436   -0.793795586590
H          0.213365676676    0.082961050690   -1.032293013896
H          0.057550686601   -0.827596727738    0.497690086803
PD         3.761426412999    0.322446639887    0.220188376966
N          5.168861181027   -0.783297746607   -0.852289063305
C          6.300272476364   -0.324316767251   -0.580047325891
C          6.554917345417    0.835275816257    0.353969691074
O          5.403492938083    1.369186842050    0.915090908372
H          7.102471919713    1.621449356176   -0.217598194947
H          7.249639261945    0.494674194490    1.156351706771
H          7.209699614358   -0.771444846714   -1.038590264453
   15
 SCF done     -30.24285019      0.01671024
N          2.157912970286    1.517538207893    1.034417961145
C          1.177192916357    0.958419435206    0.656451616081
C          0.711773852995   -0.216170207046   -0.109556822772
O          1.776885525447   -1.109343331752   -0.424856499148
H          2.566555122931   -0.570295729445   -0.750415723055
H          0.201922421044    0.127940108457   -1.032440810491
H         -0.008884887166   -0.805954355115    0.475882949131
PD         3.762230544816    0.346563694331    0.215265433094
N          5.176282720232   -0.743594010302   -0.872987904497
C          6.312795601415   -0.311356954713   -0.578170893438
C          6.582960868244    0.849159582567    0.352285943826
O          5.439274340622    1.419414923729    0.893074577983
H          7.163479330499    1.618245269479   -0.210440781373
H          7.254648752907    0.491716178704    1.167289609045
H          7.218064671348   -0.765594191002   -1.034536548056
   15
 SCF done     -30.24485601      0.01676749
N          2.136818495369    1.549369027364    1.080179388074
C          1.260431496447    0.865740635130    0.650614814503
C          0.675592088533   -0.233749971212   -0.126800624168
O          1.641368480967   -1.224213779404   -0.466250974596
H          2.543072846389   -0.763258923167   -0.670779339974
H          0.194166328317    0.199192334307   -1.034397602553
H         -0.115284502560   -0.760988751392    0.441695697473
PD         3.754992567794    0.422195700892    0.198622612239
N          5.178496599339   -0.680061804658   -0.889714850136
C          6.320295849323   -0.265586610145   -0.596142391504
C          6.631818052406    0.873496980190    0.352654720308
O          5.518108340617    1.494880878451    0.886458481442
H          7.255438832040    1.619135009975   -0.193268282935
H          7.277985638814    0.474794169698    1.169886541596
H          7.219793638182   -0.764256275038   -1.021496082296
   15
 SCF done     -30.24715193      0.04481528
N          2.144695802745    1.558360323475    1.075644122765
C          1.325004764150    0.837515218837    0.622936333956
C          0.677970581258   -0.237434146874   -0.128194904381
O          1.600204769651   -1.259755410893   -0.486387617178
H          2.527118241292   -0.837722005768   -0.650974637523
H          0.209556615600    0.201769214034   -1.028884296759
H         -0.120881984236   -0.727700689016    0.455045983030
PD         3.738568478630    0.457892194475    0.175985286801
N          5.163575974312   -0.651914205837   -0.894240875789
C          6.307381561703   -0.247235189341   -0.595706153255
C          6.634295494824    0.878270685338    0.364097340533
O          5.538258202101    1.502773021641    0.909023279773
H          7.264878588113    1.618178945700   -0.178359423042
H          7.280951260917    0.459645354261    1.170701454524
H          7.201516400917   -0.745954689040   -1.029423785984
   15
 SCF done     -30.25260933      0.02920717
N          2.149674749629    1.587445616124    1.095358594157
C          1.472054188401    0.766313641077    0.559308478029
C          0.709901308965   -0.258054256842   -0.137899689327
O          1.543415610216   -1.328443103556   -0.551459513819
H          2.494968793539   -0.960191640562   -0.620708427769
H          0.256177801049    0.200564548040   -1.021580156793
H         -0.083936065670   -0.677028212807    0.488588811511
PD         3.691947614769    0.558995447365    0.133987184112
N          5.097296102759   -0.573252307622   -0.882188646118
C          6.262789529144   -0.220973932317   -0.576618923813
C          6.629901948980    0.885447783516    0.387515280282
O          5.566235562308    1.534854543530    0.946631470005
H          7.290534700531    1.598935224965   -0.165851002471
H          7.277609492165    0.421614444076    1.174728684094
H          7.134523415193   -0.729539173995   -1.048550034607
   15
 SCF done     -30.25595455      0.05158227
N          2.186286172979    1.579527972336    1.142076278264
C          1.702505536181    0.695549116819    0.463904572210
C          0.776725969170   -0.270373626746   -0.152249508577
O          1.500488700770   -1.392301590202   -0.644122009622
H          2.439315940655   -1.078775537001   -0.608533845576
H          0.327294443788    0.207577835728   -1.016580428428
H          0.012590868931   -0.601235245943    0.547726165592
PD         3.619898895218    0.632590485862    0.087548380478
N          5.006015552430   -0.485035583102   -0.831496064754
C          6.202298845149   -0.191376259515   -0.543894653513
C          6.593665771020    0.896786891610    0.413028114971
O          5.547850728385    1.545835956873    0.981528982165
H          7.275477701585    1.584362577236   -0.167798204843
H          7.256956954549    0.400502501971    1.177123723892
H          7.045722671167   -0.716946874933   -1.066999394786
   15
 SCF done     -30.25677453      0.07314827
N          2.162830034229    1.538347434698    1.131158505986
C          1.618006650290    0.733279000877    0.490869038651
C          0.761206657402   -0.256956452429   -0.152482859139
O          1.537101157620   -1.347732570306   -0.587259749440
H          2.459609480976   -1.027429773450   -0.611255607898
H          0.302144668094    0.212902295289   -1.030942482537
H          0.005336377784   -0.622064476632    0.534916870577
PD         3.667851657080    0.580307866258    0.105383178473
N          5.030211593425   -0.497325765229   -0.845722374755
C          6.224257307725   -0.205516767154   -0.552354865104
C          6.597269633141    0.889709732672    0.400665590756
O          5.524537982095    1.536606814738    0.949827547408
H          7.277546245838    1.589625795966   -0.171623189553
H          7.254311238033    0.414561046926    1.182735798222
H          7.070874068243   -0.731625561232   -1.062653294175
   15
 SCF done     -30.25101731      0.07260743
N          2.096185970006    1.572822735323    1.164360925836
C          1.581235620004    0.694286573524    0.499943278431
C          0.716056321717   -0.256051055145   -0.182962956557
O          1.444047728014   -1.421164313890   -0.590431994587
H          2.535546833380   -1.183397150898   -0.531084522510
H          0.242466785405    0.274636631527   -1.040952393632
H         -0.095894365722   -0.596461459747    0.490137310167
PD         3.750924493045    0.616633981253    0.138539774219
N          5.051842117764   -0.484795146279   -0.891198101229
C          6.228099629787   -0.185088608713   -0.593403081345
C          6.648830385558    0.894101528415    0.386664375707
O          5.610234148523    1.594517382271    0.957378557575
H          7.330852722114    1.602752490256   -0.145405176358
H          7.284248443523    0.417746055341    1.177168896132
H          7.068417918857   -0.733851022244   -1.057492784377
   15
 SCF done     -30.26189468      0.10423978
N          2.115079174267    1.555864813466    1.169583505035
C          1.647345401460    0.699925126010    0.464784911393
C          0.744445177567   -0.259768678941   -0.173819928073
O          1.473860542028   -1.394517406338   -0.596809705432
H          2.470036816670   -1.132502512135   -0.559826220567
H          0.277026394080    0.237057019782   -1.039274535612
H         -0.041650077838   -0.590698134408    0.518180119737
PD         3.697319388144    0.611499976720    0.126804373158
N          5.033066872538   -0.463141782604   -0.858940616198
C          6.226586634197   -0.182118671237   -0.579752238929
C          6.631043607635    0.892754316144    0.392897371463
O          5.571319113748    1.558299048671    0.949801842107
H          7.313121514867    1.601052737142   -0.150437481988
H          7.273009734819    0.413223795043    1.180724774888
H          7.061484457792   -0.740241026321   -1.062654063508
   15
 SCF done     -30.26378506      0.04941383
N          2.124995741895    1.566727243313    1.146351617124
C          1.726484984746    0.684383973250    0.445209146596
C          0.769853085110   -0.257923180618   -0.169695608201
O          1.464570862829   -1.411891613276   -0.620867765955
H          2.426027379586   -1.171093890780   -0.571760850412
H          0.287670821968    0.239131273236   -1.026737026337
H         -0.001941827361   -0.565763003962    0.544890974385
PD         3.674546536315    0.620413079300    0.112389603476
N          5.020935889854   -0.442349998701   -0.844707977101
C          6.220194665137   -0.176358688003   -0.571365539834
C          6.619656694237    0.890734234404    0.403775721850
O          5.550546532218    1.542482530358    0.956351835124
H          7.303729293905    1.603559638420   -0.133849174018
H          7.261535207590    0.408304543188    1.190812701215
H          7.044288883947   -0.723667519138   -1.079535550439
   15
 SCF done     -30.26521421      0.02610091
N          2.089823755423    1.581689161400    1.139362350550
C          1.723272843539    0.691758198819    0.417136435632
C          0.777249965236   -0.259168094020   -0.176528943159
O          1.471463325225   -1.408345114026   -0.609947324322
H          2.436287929739   -1.183683692839   -0.557672558789
H          0.286476282139    0.220361165736   -1.034758490736
H          0.012545992741   -0.561303969276    0.551842195287
PD         3.689386704228    0.627202420641    0.149630217329
N          5.009207492221   -0.422038538338   -0.852406507657
C          6.212783158138   -0.169481223739   -0.587402567486
C          6.626475508403    0.882317166469    0.402934784534
O          5.558218806214    1.536581131571    0.965806388145
H          7.308298254985    1.605871230338   -0.117818629281
H          7.264243723108    0.392632869364    1.187909362210
H          7.027361010637   -0.727704091109   -1.096824604784
   15
 SCF done     -30.26707903      0.02987763
N          2.011101514708    1.624574100737    1.092289798170
C          1.722258912706    0.690908241910    0.401741509211
C          0.769800934775   -0.256054621083   -0.182407190483
O          1.433446650457   -1.427227678761   -0.622760807526
H          2.431577723742   -1.249075686134   -0.535409831374
H          0.244275173630    0.219606417719   -1.031447965453
H          0.018712051083   -0.552721300605    0.564838891896
PD         3.735577227687    0.644532020333    0.204558371867
N          5.024459687457   -0.396989736561   -0.855526505595
C          6.229179736386   -0.158150040002   -0.608638639360
C          6.657294109526    0.872010542441    0.403564443540
O          5.580169219363    1.528561455995    0.975103455734
H          7.337024578539    1.614850836995   -0.082451173438
H          7.273564688567    0.367104204156    1.191644037599
H          7.024652543349   -0.715240136148   -1.133836287318
   15
 SCF done     -30.26793755      0.02572814
N          1.957351893008    1.673704007159    1.061476610087
C          1.752617067334    0.685047970636    0.376888741900
C          0.786141560132   -0.264987887376   -0.182051043913
O          1.432596013853   -1.434901909489   -0.637971157796
H          2.406244299293   -1.285237494226   -0.548478362725
H          0.235003201619    0.203047441555   -1.022756801778
H          0.051566435036   -0.551621033574    0.589364232893
PD         3.743757810946    0.694355952691    0.218062775421
N          5.015807005548   -0.381490096825   -0.842270587560
C          6.223545790715   -0.146439340182   -0.621616491984
C          6.668231035975    0.860108743264    0.411125845979
O          5.593739314647    1.507590600267    1.003650174939
H          7.339580242474    1.616416181721   -0.054934804946
H          7.280521815879    0.340920213247    1.187411625278
H          7.006391265517   -0.709824727875   -1.156638648322
   15
 SCF done     -30.26880029      0.05180661
N          1.955454319188    1.685226361308    1.030484459921
C          1.752837039645    0.703098571476    0.363598658733
C          0.784689708672   -0.267077863112   -0.175653947556
O          1.430819463406   -1.445139341928   -0.619947514941
H          2.394401870728   -1.307952583764   -0.548242057579
H          0.246629440714    0.189781629545   -1.023723164546
H          0.040994006724   -0.546382880243    0.595497161609
PD         3.736669656213    0.694781638083    0.232236914540
N          5.011632877906   -0.365208596552   -0.855449927093
C          6.224947760664   -0.140542493947   -0.620068696264
C          6.672210242274    0.858121091718    0.419561509497
O          5.597796834257    1.496979924294    1.018052518463
H          7.349787886412    1.614467081968   -0.043218487666
H          7.286054282602    0.322651653985    1.185178091346
H          7.008169362570   -0.686115571840   -1.177043410991
   15
 SCF done     -30.26947678      0.02095822
N          1.942312927318    1.712564957020    0.993109388662
C          1.762821079765    0.706886466066    0.360451300250
C          0.791926851099   -0.270466561637   -0.176747090218
O          1.426476154622   -1.448439531354   -0.649378248419
H          2.402135226223   -1.312351026345   -0.556371240105
H          0.240702668765    0.187145269067   -1.015413366790
H          0.067464188094   -0.557844677269    0.601737515856
PD         3.737117420238    0.708961287475    0.260827629621
N          5.000207294943   -0.375596156050   -0.827899951731
C          6.212991270667   -0.135978962856   -0.614207664989
C          6.669549594890    0.855337538544    0.425831070268
O          5.608936368454    1.485064779528    1.051961778239
H          7.338271724908    1.609135624037   -0.046570321368
H          7.298219853368    0.309567271853    1.166951197330
H          6.993962128622   -0.667297657086   -1.193019889135
   15
 SCF done     -30.27015105      0.00932612
N          1.887650879859    1.772344959248    0.915812038054
C          1.759466829871    0.707581093807    0.358252029866
C          0.800497032266   -0.287204516251   -0.174485622680
O          1.428150734803   -1.456412002720   -0.669925653203
H          2.400485732549   -1.336499461240   -0.572344016511
H          0.224198792737    0.174081240000   -0.998883481562
H          0.099585657331   -0.582355552547    0.617867566765
PD         3.747018645542    0.766372100276    0.292594174178
N          4.981840229705   -0.365030955576   -0.806200342450
C          6.197968538509   -0.119887878989   -0.617040479989
C          6.681240120051    0.844741202066    0.437574582083
O          5.639754441557    1.475331704968    1.095061756123
H          7.357907802136    1.597082531169   -0.030661802413
H          7.314527372916    0.260055673915    1.149566927574
H          6.972801942143   -0.643511517133   -1.215925568362
   15
 SCF done     -30.27072619      0.01770629
N          1.852839064839    1.811507664707    0.853253957551
C          1.761192602460    0.721975722939    0.336356122250
C          0.817514807433   -0.299792362767   -0.176900167833
O          1.446649853917   -1.457516916574   -0.683755945761
H          2.415576832032   -1.341953432876   -0.583493337597
H          0.219150482366    0.152977461788   -0.989415623480
H          0.136548738186   -0.593934999974    0.638149115353
PD         3.755383653629    0.797680703090    0.343230689719
N          4.956433550046   -0.359149758036   -0.792200398307
C          6.172795844954   -0.108047550631   -0.620099078709
C          6.678704110409    0.831767552864    0.446674560961
O          5.659660869693    1.457979662096    1.138046663558
H          7.354989896810    1.586913197672   -0.019430479734
H          7.323110908417    0.222921678950    1.129845411079
H          6.942543536783   -0.616640002254   -1.238999381579
   15
 SCF done     -30.27203202      0.01792143
N          1.798265688844    1.862837148739    0.747481852293
C          1.769193030676    0.741551332593    0.298624992139
C          0.853871711553   -0.326875786754   -0.185242554176
O          1.494890116000   -1.455890674110   -0.706761045780
H          2.460027569329   -1.340275829772   -0.599731211908
H          0.216156827843    0.114877127138   -0.971944716904
H          0.211795358298   -0.623914268099    0.665807036550
PD         3.765519789162    0.867853861264    0.446212294414
N          4.887215161796   -0.327829806577   -0.781955720814
C          6.110083659342   -0.088888462812   -0.618542389365
C          6.668605417789    0.807744803799    0.460089604394
O          5.700537014914    1.442830219673    1.202125334723
H          7.359511634078    1.557378862528   -0.009254938554
H          7.327311057259    0.157245268193    1.097092078371
H          6.870110715091   -0.581955174810   -1.262738507912
   15
 SCF done     -30.27308109      0.02024342
N          1.780845353035    1.880934290855    0.675068934199
C          1.787490066483    0.757859781559    0.271503085402
C          0.906583765657   -0.348930272971   -0.195763538677
O          1.574257843759   -1.441623944707   -0.739559308662
H          2.529868215151   -1.299010152759   -0.630001100713
H          0.227078536953    0.081848560432   -0.950986007733
H          0.301474987409   -0.657552641169    0.682114535149
PD         3.767094270095    0.934337092401    0.545617178710
N          4.804761824979   -0.312123824004   -0.770656034966
C          6.028296518742   -0.080707728081   -0.609145610065
C          6.635374781579    0.785292406429    0.465795354504
O          5.726615695057    1.432862997134    1.252803252928
H          7.333147358332    1.522509910698   -0.022518451966
H          7.308934496696    0.119887410157    1.067215707802
H          6.781271038048   -0.568895264981   -1.260225888439
   15
 SCF done     -30.27297383      0.03604286
N          1.756884786087    1.928833610206    0.591174364543
C          1.827284648397    0.754101523943    0.251204229873
C          0.948684183273   -0.365726213060   -0.196624759689
O          1.615245392619   -1.445619390674   -0.775601013871
H          2.572967646635   -1.304364913262   -0.645974409178
H          0.238303884515    0.054956703623   -0.927025898987
H          0.371779682237   -0.683327061390    0.698551105432
PD         3.765579311547    1.002744931390    0.617503964734
N          4.737651676895   -0.274561583160   -0.760242051488
C          5.970984217155   -0.071609064276   -0.602097847261
C          6.618914292041    0.767624103594    0.477453666462
O          5.748414020282    1.426962824661    1.295766554019
H          7.324130169770    1.496663325108   -0.015572590082
H          7.291287861791    0.077091209016    1.057215329540
H          6.704982978733   -0.557081384725   -1.284468536574
   15
 SCF done     -30.27395348      0.04622663
N          1.823267661837    1.880867453008    0.673886678825
C          1.852638832827    0.736469714435    0.277700569372
C          0.955388271544   -0.341159194298   -0.193943942581
O          1.625136768288   -1.436200730846   -0.773202869557
H          2.592221013441   -1.286734792205   -0.648954886769
H          0.266436805770    0.070277975731   -0.932864102655
H          0.360877431406   -0.676702812348    0.666545930347
PD         3.741356071950    0.980435909090    0.561723890261
N          4.741740296586   -0.287117175278   -0.741105369935
C          5.976659905477   -0.092505930998   -0.589359704063
C          6.599964807239    0.782295767359    0.465742604528
O          5.708743224560    1.445956302333    1.248485434967
H          7.294067141468    1.504543574774   -0.040376688283
H          7.254973073664    0.120943542523    1.084182116586
H          6.699623445919   -0.594680982289   -1.277197553572
   15
 SCF done     -30.27488126      0.00000000
N          1.799023158350    1.892311895384    0.664271599040
C          1.814552568128    0.757869158609    0.282170035785
C          0.958514210856   -0.343099022807   -0.199961149310
O          1.657872911547   -1.415047909732   -0.773911452866
H          2.614637614561   -1.242544412455   -0.662333520780
H          0.248068369018    0.058115253639   -0.939102776808
H          0.382089711507   -0.708785958492    0.658901016378
PD         3.755926578090    0.992073974040    0.599979157347
N          4.742503779979   -0.323648425427   -0.707411606507
C          5.967629938677   -0.092491687018   -0.599403825419
C          6.599893416586    0.777556192264    0.459418889173
O          5.715546082338    1.439849815558    1.268053267328
H          7.283830179915    1.501899637027   -0.047836693352
H          7.264863173736    0.107953995151    1.060468786266
H          6.688143058687   -0.595323884748   -1.282039618802
   15
 SCF done     -30.27550667      0.02218485
N          1.783215047922    1.901671682525    0.670096093985
C          1.811345147146    0.760422440273    0.286450729725
C          0.964871593375   -0.351803161290   -0.198002668752
O          1.685756986707   -1.416159034034   -0.768072848396
H          2.641486603272   -1.212350354342   -0.680250371038
H          0.257728500222    0.040305184486   -0.947129882202
H          0.381746684767   -0.724822290388    0.659697790659
PD         3.746540902100    1.023416171337    0.608660172323
N          4.721419687516   -0.299930310771   -0.702139062688
C          5.954727663091   -0.104818385492   -0.588576999226
C          6.604964844110    0.770890168874    0.456774851797
O          5.720587434075    1.444224351115    1.258080266352
H          7.298196634063    1.485594685134   -0.052282497557
H          7.260452629973    0.096948694230    1.063161578510
H          6.660054393638   -0.606901220664   -1.285205046020
   15
 SCF done     -30.27586574      0.00655419
N          1.760930045072    1.909877178710    0.689441418431
C          1.810788263090    0.764412124860    0.300198258029
C          0.982259524601   -0.362196304351   -0.195344315057
O          1.737310649672   -1.414831843265   -0.755740823541
H          2.690189421695   -1.158791093786   -0.709814464070
H          0.280768222670    0.016497085238   -0.959034394393
H          0.388251826374   -0.750100899489    0.655080958172
PD         3.736933341306    1.070630496767    0.614469685726
N          4.687713264781   -0.273453040087   -0.692838872497
C          5.927138995354   -0.099448712082   -0.594701647636
C          6.601267588338    0.762186880665    0.450010548768
O          5.722243534684    1.453611669957    1.245518546096
H          7.309912187597    1.462083432298   -0.057780763993
H          7.242219664973    0.077554372958    1.060628514991
H          6.615168221769   -0.651342727401   -1.268830541553
   15
 SCF done     -30.27609195      0.01285900
N          1.751048177218    1.908938386709    0.708758051432
C          1.813435750038    0.767338537645    0.312514615731
C          0.998546021315   -0.363933265798   -0.196193248857
O          1.770308124347   -1.410638470816   -0.748413809374
H          2.719139770715   -1.132362535068   -0.719647238603
H          0.302593524744    0.010560666003   -0.967053219307
H          0.397576939830   -0.762356882319    0.644432576658
PD         3.734627012312    1.088110303972    0.618955352257
N          4.667470237832   -0.263017315909   -0.692376963529
C          5.909651474111   -0.112839186993   -0.587156211564
C          6.590920527823    0.757212354259    0.446139161515
O          5.719020611460    1.470133743983    1.233220424112
H          7.308432471629    1.442387565385   -0.069050990716
H          7.222889986730    0.072935256842    1.065972345373
H          6.587434121872   -0.665780536901   -1.268838737657
   15
 SCF done     -30.27637981      0.01181264
N          1.731445656885    1.904126538839    0.746461995672
C          1.815787759444    0.773079007993    0.334293772415
C          1.027982919102   -0.364385447982   -0.200505063102
O          1.820730229896   -1.402499762598   -0.738854455844
H          2.760699160573   -1.102052815549   -0.727637887373
H          0.345275103884    0.009450308970   -0.982606670952
H          0.414165504968   -0.779358575683    0.619617463478
PD         3.729908167295    1.112128907866    0.630255233177
N          4.637371897695   -0.253908160727   -0.685052898553
C          5.880458211222   -0.124308300565   -0.582077607583
C          6.573958367700    0.751348863262    0.436858972717
O          5.716156447616    1.495304639801    1.213739445798
H          7.301717758975    1.414732597623   -0.091172715548
H          7.192415279807    0.067508842254    1.069585713729
H          6.545022286914   -0.694478022509   -1.261643190560
   15
 SCF done     -30.27653111      0.00636240
N          1.707317643194    1.899113627647    0.781046630095
C          1.814455111871    0.777665444827    0.352601912052
C          1.053842416093   -0.367346452792   -0.204156451311
O          1.862772615981   -1.399366367170   -0.726539304251
H          2.795574414328   -1.075711964589   -0.741395228740
H          0.386364392703    0.007813709435   -0.999053093048
H          0.426094196151   -0.792373298737    0.597266226966
PD         3.724107510621    1.141160495446    0.642058847773
N          4.609195936983   -0.243492698649   -0.674576518686
C          5.853851434894   -0.130054748230   -0.578667159284
C          6.563196012125    0.745920653953    0.427757744321
O          5.719451521110    1.513336964627    1.198142382908
H          7.298403161235    1.391073120440   -0.111269577621
H          7.171181920688    0.061778625141    1.068897837414
H          6.507286463998   -0.722828490356   -1.250852141117
   15
 SCF done     -30.27660659      0.00508730
N          1.693889151357    1.890642001796    0.805341723665
C          1.812442792271    0.777345418935    0.363369222466
C          1.067037232311   -0.368598742397   -0.208261169764
O          1.878372762817   -1.401549261038   -0.715522149048
H          2.806702769090   -1.073594165171   -0.743856550595
H          0.415815722715    0.013829083962   -1.014305461070
H          0.424452277496   -0.792754418901    0.579115452239
PD         3.722341626282    1.152015914847    0.653680151235
N          4.595677922580   -0.235555915048   -0.671041843079
C          5.840610272081   -0.130296749634   -0.576930601749
C          6.559232734564    0.745245062215    0.421712678597
O          5.725645854133    1.524172282599    1.189334107854
H          7.296738274242    1.379839474985   -0.125254010455
H          7.163856043210    0.061996851102    1.065705271528
H          6.490279316824   -0.736048217258   -1.241824714352
   15
 SCF done     -30.27665243      0.00316082
N          1.681478609621    1.881817901303    0.832254135185
C          1.810168518585    0.775422015385    0.375179240427
C          1.077384874084   -0.371055675394   -0.211777398815
O          1.895209441757   -1.407070168043   -0.697659612350
H          2.820213708970   -1.064371859331   -0.750866680114
H          0.445411221826    0.016833154857   -1.033126428854
H          0.414129816118   -0.791464605857    0.560955111767
PD         3.721161740655    1.165587661723    0.660988542038
N          4.582373192031   -0.228279159599   -0.666918173656
C          5.828196257044   -0.131628447002   -0.574465971516
C          6.556413367948    0.744588007979    0.416393995478
O          5.731842272726    1.534001973862    1.181517339335
H          7.296536796952    1.369000819648   -0.138815994862
H          7.159227879891    0.061288312532    1.061858197825
H          6.473347053766   -0.747981311071   -1.234254194417
   15
 SCF done     -30.27670569      0.00260804
N          1.679470960891    1.869362348872    0.856744076403
C          1.808487452399    0.769769900872    0.384471175697
C          1.078856234465   -0.370614613378   -0.217081322815
O          1.895833452685   -1.416627961347   -0.676938763975
H          2.818644013084   -1.073662860276   -0.743503800061
H          0.471373837800    0.026662720439   -1.055312361686
H          0.388947564838   -0.779845210985    0.540016704745
PD         3.722948453524    1.163430062931    0.668063373216
N          4.579274328542   -0.224424657696   -0.667471507449
C          5.824954797966   -0.129906842595   -0.573814960784
C          6.557011361106    0.747937225357    0.412538526695
O          5.738152278419    1.539639535109    1.177886749284
H          7.295754477247    1.367992461110   -0.149390355787
H          7.163537479361    0.065404005907    1.055890703370
H          6.469848059649   -0.748427493327   -1.230836129382
   15
 SCF done     -30.27676292      0.00394290
N          1.683843799393    1.854966028383    0.884264286474
C          1.808048510094    0.762826330643    0.393470225783
C          1.076575319666   -0.368083450709   -0.223882489571
O          1.891580408793   -1.430632975464   -0.647197551926
H          2.812907698278   -1.087779789599   -0.732237246188
H          0.501178473112    0.037479870105   -1.082967275322
H          0.353404205962   -0.761164114513    0.513128826918
PD         3.725312055815    1.153261346040    0.677310030243
N          4.578845249746   -0.222885981029   -0.667943265439
C          5.824633608662   -0.127784210547   -0.574150188131
C          6.558403827325    0.753411931926    0.408647511701
O          5.743267397031    1.543517558108    1.176503148822
H          7.293588255981    1.372676966561   -0.159721711704
H          7.172091988399    0.071725260154    1.047903219320
H          6.469413953716   -0.744846149066   -1.231865413507
   15
 SCF done     -30.27681742      0.00564242
N          1.693826188800    1.846828929277    0.897735569941
C          1.809005793449    0.758538901274    0.395937434218
C          1.069543813837   -0.363550839616   -0.228449255706
O          1.879318330944   -1.441311823908   -0.625064831198
H          2.801053902672   -1.106581177095   -0.717056063294
H          0.517798676508    0.044301219790   -1.100387456520
H          0.326012869165   -0.742893586283    0.494589863042
PD         3.727750684614    1.141303957317    0.678084121875
N          4.584677423377   -0.228709679478   -0.667343172684
C          5.830248629206   -0.125879262972   -0.576019499715
C          6.560688523473    0.758067138106    0.407841446502
O          5.743475281133    1.537830773765    1.182418630295
H          7.288999778166    1.385155582904   -0.161504921134
H          7.184154493393    0.077452853089    1.040598255843
H          6.476540363240   -0.733864365176   -1.240118013992
   15
 SCF done     -30.27687067      0.00524795
N          1.701337632392    1.841687623945    0.910230432877
C          1.810706592433    0.756655303410    0.400087165409
C          1.066998489999   -0.359150581251   -0.232117119942
O          1.874895249607   -1.451919677006   -0.597916639541
H          2.796605131073   -1.119083475452   -0.704510459907
H          0.544038527824    0.046639305664   -1.121239457318
H          0.302798141340   -0.726120935085    0.473389145222
PD         3.727140535058    1.131009018406    0.687893733453
N          4.584201328806   -0.230003728590   -0.665814175555
C          5.830768778803   -0.123566840603   -0.579729340177
C          6.560934651522    0.760721796694    0.405114343946
O          5.741984440698    1.532318760761    1.187629330171
H          7.283399466069    1.395783243485   -0.164259120014
H          7.191608683808    0.080110472651    1.032081700283
H          6.475677102547   -0.728391666037   -1.249577431434
   15
 SCF done     -30.27691595      0.00376802
N          1.703175174661    1.842363665688    0.915694497706
C          1.811817896589    0.758192068454    0.404016937706
C          1.068366513567   -0.355215433325   -0.233585177343
O          1.875116682061   -1.457767150841   -0.576643317604
H          2.796558718876   -1.130148222902   -0.688217254125
H          0.570180745104    0.045739808987   -1.136722697747
H          0.290446708524   -0.714093588135    0.456425883996
PD         3.725506023501    1.131128455211    0.690121516737
N          4.582427187208   -0.234272244161   -0.662742492114
C          5.829111072363   -0.122024817872   -0.584347757055
C          6.559336847429    0.759340863203    0.403014625052
O          5.737979750706    1.519936415873    1.196494610116
H          7.274522470292    1.405422893288   -0.163378012825
H          7.196265637632    0.078919034724    1.023145584707
H          6.472283323464   -0.720833127200   -1.262014839732
   15
 SCF done     -30.27694018      0.00331086
N          1.698131421301    1.838572814061    0.933362392497
C          1.811725248294    0.758298570190    0.414904367155
C          1.076953597734   -0.352623366136   -0.237410509098
O          1.884689900184   -1.469260337577   -0.540006540068
H          2.804097139631   -1.139746032698   -0.670963504615
H          0.619273657332    0.047705398791   -1.165850556079
H          0.268567620284   -0.697792609694    0.426214051665
PD         3.722908584388    1.133128693425    0.704360402413
N          4.572510032948   -0.229682077357   -0.661505872567
C          5.819569094384   -0.118828974759   -0.589483612034
C          6.555830892911    0.757214337955    0.397169784607
O          5.737831796579    1.512517445837    1.201207793563
H          7.265034947742    1.408797507158   -0.170061963692
H          7.197221876581    0.076211573470    1.010464375937
H          6.458748941682   -0.717824321676   -1.271138502212
   15
 SCF done     -30.27696530      0.00499378
N          1.692619042492    1.846904884755    0.919893229104
C          1.811618340955    0.762932161635    0.412507735625
C          1.083853878743   -0.352665585277   -0.235410888579
O          1.887928436024   -1.470668263571   -0.529410200666
H          2.808458911774   -1.143378158007   -0.663713126738
H          0.635819947048    0.041466588923   -1.165699252104
H          0.274854851984   -0.693173114961    0.422120081066
PD         3.719892614034    1.133431537644    0.714920173950
N          4.567926228615   -0.223344598544   -0.665757221721
C          5.814752426909   -0.114846547945   -0.594518932979
C          6.553459549003    0.752008714181    0.396351541919
O          5.734964516816    1.501770339291    1.208362815372
H          7.259592136754    1.410018903294   -0.165813601981
H          7.194012712749    0.069078252273    1.005021775008
H          6.453341158073   -0.712846492699   -1.277592019802
   15
 SCF done     -30.27698991      0.00465347
N          1.689763999964    1.845570320278    0.925665033475
C          1.810242141115    0.761969813339    0.416428558514
C          1.085476224696   -0.352669628820   -0.237843606952
O          1.890611735982   -1.471992629011   -0.522666233013
H          2.810549357429   -1.147880632965   -0.652572494412
H          0.645312883690    0.043266469929   -1.172511110620
H          0.267138629011   -0.690183793658    0.413544275015
PD         3.720717424721    1.135564512938    0.713691661038
N          4.566011460963   -0.221714136784   -0.667426565838
C          5.812811156187   -0.114126643590   -0.595267126322
C          6.552918592069    0.751716717164    0.395754595305
O          5.736526048194    1.500618946158    1.209906608961
H          7.258499737571    1.409262100493   -0.167614349932
H          7.195058222515    0.067543819020    1.001778642602
H          6.451457137868   -0.710256613497   -1.279605780349
   15
 SCF done     -30.27700411      0.00300635
N          1.689462580010    1.845497500318    0.926124616474
C          1.808844450367    0.761305914305    0.418224904586
C          1.085813419589   -0.352141219398   -0.239853167459
O          1.889035362141   -1.477462428420   -0.505685757379
H          2.809782865012   -1.154438168696   -0.641170657932
H          0.659204853237    0.043496999846   -1.181805764254
H          0.255939137365   -0.680815247821    0.403318048638
PD         3.721787578761    1.132188337165    0.714361378470
N          4.565766064617   -0.221036789133   -0.669654329942
C          5.812032857275   -0.111352624601   -0.597580645441
C          6.552528414387    0.751457878675    0.396059660134
O          5.737564875515    1.493822771787    1.216393136697
H          7.255014433636    1.412461275318   -0.166962693759
H          7.198990931651    0.064954863940    0.995672713750
H          6.451326928411   -0.701250442293   -1.286179335110
   15
 SCF done     -30.27701716      0.00228600
N          1.688918398635    1.849703093067    0.920247173777
C          1.807307679107    0.762662661720    0.417966028584
C          1.086528705855   -0.351904529903   -0.241321020972
O          1.889156686530   -1.479778440994   -0.492422816441
H          2.811069015017   -1.159795372210   -0.626070510959
H          0.669950157941    0.040482939372   -1.188709170495
H          0.249634278359   -0.674493919554    0.395806665309
PD         3.721566555440    1.126876715538    0.718386996712
N          4.564380297241   -0.218257267322   -0.672678446059
C          5.810696874085   -0.107710325517   -0.601297012513
C          6.551985660642    0.750242053778    0.396657113365
O          5.738016660151    1.485926311996    1.223530949489
H          7.252502545467    1.415301573232   -0.164122830289
H          7.201305086271    0.060054762168    0.989708055279
H          6.450076151234   -0.692621634379   -1.294419067314
   15
 SCF done     -30.27702707      0.00157481
N          1.688652379856    1.856949017525    0.910301646586
C          1.805861529359    0.766189437307    0.415759133678
C          1.087872825633   -0.351612977901   -0.241804135367
O          1.890092148263   -1.482340412327   -0.476319099157
H          2.813486471358   -1.164099307744   -0.610634361937
H          0.681610463527    0.034304748933   -1.195739356743
H          0.245429483268   -0.667994163338    0.389494505792
PD         3.720476360933    1.121577132117    0.722599853851
N          4.562585463059   -0.216115470611   -0.674619609691
C          5.808915373548   -0.103154670926   -0.606347914569
C          6.550877186033    0.747812889191    0.397724582773
O          5.737665011911    1.474623890793    1.232713755541
H          7.249215292886    1.418906474722   -0.158675780924
H          7.202773557046    0.052933591509    0.982974585313
H          6.447581205297   -0.681291558255   -1.306165697674
   15
 SCF done     -30.27703005      0.00093476
N          1.688906808443    1.860945834580    0.905325315006
C          1.805356810836    0.768713770047    0.414255600596
C          1.089052035665   -0.351214127916   -0.241788551738
O          1.891204259398   -1.484577090709   -0.465125908552
H          2.814992710168   -1.167490084172   -0.601062972857
H          0.690346599721    0.030247480772   -1.200993948626
H          0.242087239027   -0.663629568495    0.385118359331
PD         3.719449345049    1.119174997632    0.725460750409
N          4.561238498179   -0.214375341336   -0.675914745071
C          5.807671812849   -0.099921358931   -0.610031760967
C          6.549981084815    0.746015963962    0.398074163977
O          5.737118313439    1.467837977797    1.237570664214
H          7.247673578280    1.420863036832   -0.154779069498
H          7.202443633390    0.048123884833    0.979056923966
H          6.445572022715   -0.674026753904   -1.313902712718
